# JRE version: OpenJDK Runtime Environment Temurin-21.0.9+10 (21.0.9+10) (build 21.0.9+10-LTS)
# Java VM: OpenJDK 64-Bit Server VM Temurin-21.0.9+10 (21.0.9+10-LTS, mixed mode, sharing, tiered, compressed oops, compressed class ptrs, parallel gc, windows-amd64)
GC Precious Log:
 CardTable entry size: 512
 CPUs: 16 total, 16 available
 Memory: 15693M
 Large Page Support: Disabled
 NUMA Support: Disabled
 Compressed Oops: Enabled (32-bit)
 Alignments: Space 512K, Generation 512K, Heap 2M
 Heap Min Capacity: 100M
 Heap Initial Capacity: 100M
 Heap Max Capacity: 2G
 Pre-touch: Disabled
 Parallel Workers: 13
Heap:
 PSYoungGen      total 6144K, used 2440K [0x00000000d5580000, 0x00000000d5d80000, 0x0000000100000000)
  eden space 5632K, 41% used [0x00000000d5580000,0x00000000d57ca1e8,0x00000000d5b00000)
  from space 512K, 18% used [0x00000000d5c80000,0x00000000d5c98000,0x00000000d5d00000)
  to   space 512K, 0% used [0x00000000d5d00000,0x00000000d5d00000,0x00000000d5d80000)
 ParOldGen       total 988160K, used 721964K [0x0000000080000000, 0x00000000bc500000, 0x00000000d5580000)
  object space 988160K, 73% used [0x0000000080000000,0x00000000ac10b0d0,0x00000000bc500000)
 Metaspace       used 89661K, committed 91456K, reserved 1179648K
  class space    used 9151K, committed 9984K, reserved 1048576K
GC Heap History (20 events):
Event: 579.213 GC heap before
{Heap before GC invocations=2360 (full 4):
 PSYoungGen      total 6656K, used 5792K [0x00000000d5580000, 0x00000000d5d00000, 0x0000000100000000)
  eden space 5632K, 100% used [0x00000000d5580000,0x00000000d5b00000,0x00000000d5b00000)
  from space 1024K, 15% used [0x00000000d5b00000,0x00000000d5b28000,0x00000000d5c00000)
  to   space 512K, 0% used [0x00000000d5c80000,0x00000000d5c80000,0x00000000d5d00000)
 ParOldGen       total 988160K, used 719703K [0x0000000080000000, 0x00000000bc500000, 0x00000000d5580000)
  object space 988160K, 72% used [0x0000000080000000,0x00000000abed5fa8,0x00000000bc500000)
 Metaspace       used 86539K, committed 88320K, reserved 1179648K
  class space    used 8726K, committed 9536K, reserved 1048576K
}
Event: 579.217 GC heap after
{Heap after GC invocations=2360 (full 4):
 PSYoungGen      total 6144K, used 384K [0x00000000d5580000, 0x00000000d5d00000, 0x0000000100000000)
  eden space 5632K, 0% used [0x00000000d5580000,0x00000000d5580000,0x00000000d5b00000)
  from space 512K, 75% used [0x00000000d5c80000,0x00000000d5ce0000,0x00000000d5d00000)
  to   space 512K, 0% used [0x00000000d5c00000,0x00000000d5c00000,0x00000000d5c80000)
 ParOldGen       total 988160K, used 719759K [0x0000000080000000, 0x00000000bc500000, 0x00000000d5580000)
  object space 988160K, 72% used [0x0000000080000000,0x00000000abee3fa8,0x00000000bc500000)
 Metaspace       used 86539K, committed 88320K, reserved 1179648K
  class space    used 8726K, committed 9536K, reserved 1048576K
}
Event: 579.377 GC heap before
{Heap before GC invocations=2361 (full 4):
 PSYoungGen      total 6144K, used 5876K [0x00000000d5580000, 0x00000000d5d00000, 0x0000000100000000)
  eden space 5632K, 97% used [0x00000000d5580000,0x00000000d5add068,0x00000000d5b00000)
  from space 512K, 75% used [0x00000000d5c80000,0x00000000d5ce0000,0x00000000d5d00000)
  to   space 512K, 0% used [0x00000000d5c00000,0x00000000d5c00000,0x00000000d5c80000)
 ParOldGen       total 988160K, used 719759K [0x0000000080000000, 0x00000000bc500000, 0x00000000d5580000)
  object space 988160K, 72% used [0x0000000080000000,0x00000000abee3fa8,0x00000000bc500000)
 Metaspace       used 86572K, committed 88320K, reserved 1179648K
  class space    used 8731K, committed 9536K, reserved 1048576K
}
Event: 579.383 GC heap after
{Heap after GC invocations=2361 (full 4):
 PSYoungGen      total 6144K, used 494K [0x00000000d5580000, 0x00000000d5f00000, 0x0000000100000000)
  eden space 5632K, 0% used [0x00000000d5580000,0x00000000d5580000,0x00000000d5b00000)
  from space 512K, 96% used [0x00000000d5c00000,0x00000000d5c7b990,0x00000000d5c80000)
  to   space 2048K, 0% used [0x00000000d5d00000,0x00000000d5d00000,0x00000000d5f00000)
 ParOldGen       total 988160K, used 720818K [0x0000000080000000, 0x00000000bc500000, 0x00000000d5580000)
  object space 988160K, 72% used [0x0000000080000000,0x00000000abfecac8,0x00000000bc500000)
 Metaspace       used 86572K, committed 88320K, reserved 1179648K
  class space    used 8731K, committed 9536K, reserved 1048576K
}
Event: 579.425 GC heap before
{Heap before GC invocations=2362 (full 4):
 PSYoungGen      total 6144K, used 6097K [0x00000000d5580000, 0x00000000d5f00000, 0x0000000100000000)
  eden space 5632K, 99% used [0x00000000d5580000,0x00000000d5af8ba8,0x00000000d5b00000)
  from space 512K, 96% used [0x00000000d5c00000,0x00000000d5c7b990,0x00000000d5c80000)
  to   space 2048K, 0% used [0x00000000d5d00000,0x00000000d5d00000,0x00000000d5f00000)
 ParOldGen       total 988160K, used 720818K [0x0000000080000000, 0x00000000bc500000, 0x00000000d5580000)
  object space 988160K, 72% used [0x0000000080000000,0x00000000abfecac8,0x00000000bc500000)
 Metaspace       used 86572K, committed 88320K, reserved 1179648K
  class space    used 8731K, committed 9536K, reserved 1048576K
}
Event: 579.429 GC heap after
{Heap after GC invocations=2362 (full 4):
 PSYoungGen      total 6144K, used 224K [0x00000000d5580000, 0x00000000d5d80000, 0x0000000100000000)
  eden space 5632K, 0% used [0x00000000d5580000,0x00000000d5580000,0x00000000d5b00000)
  from space 512K, 43% used [0x00000000d5d00000,0x00000000d5d38000,0x00000000d5d80000)
  to   space 1024K, 0% used [0x00000000d5b80000,0x00000000d5b80000,0x00000000d5c80000)
 ParOldGen       total 988160K, used 720954K [0x0000000080000000, 0x00000000bc500000, 0x00000000d5580000)
  object space 988160K, 72% used [0x0000000080000000,0x00000000ac00eac8,0x00000000bc500000)
 Metaspace       used 86572K, committed 88320K, reserved 1179648K
  class space    used 8731K, committed 9536K, reserved 1048576K
}
Event: 579.786 GC heap before
{Heap before GC invocations=2363 (full 4):
 PSYoungGen      total 6144K, used 5842K [0x00000000d5580000, 0x00000000d5d80000, 0x0000000100000000)
  eden space 5632K, 99% used [0x00000000d5580000,0x00000000d5afc810,0x00000000d5b00000)
  from space 512K, 43% used [0x00000000d5d00000,0x00000000d5d38000,0x00000000d5d80000)
  to   space 1024K, 0% used [0x00000000d5b80000,0x00000000d5b80000,0x00000000d5c80000)
 ParOldGen       total 988160K, used 720954K [0x0000000080000000, 0x00000000bc500000, 0x00000000d5580000)
  object space 988160K, 72% used [0x0000000080000000,0x00000000ac00eac8,0x00000000bc500000)
 Metaspace       used 86924K, committed 88704K, reserved 1179648K
  class space    used 8763K, committed 9536K, reserved 1048576K
}
Event: 579.790 GC heap after
{Heap after GC invocations=2363 (full 4):
 PSYoungGen      total 6656K, used 412K [0x00000000d5580000, 0x00000000d5d80000, 0x0000000100000000)
  eden space 5632K, 0% used [0x00000000d5580000,0x00000000d5580000,0x00000000d5b00000)
  from space 1024K, 40% used [0x00000000d5b80000,0x00000000d5be7200,0x00000000d5c80000)
  to   space 512K, 0% used [0x00000000d5d00000,0x00000000d5d00000,0x00000000d5d80000)
 ParOldGen       total 988160K, used 721018K [0x0000000080000000, 0x00000000bc500000, 0x00000000d5580000)
  object space 988160K, 72% used [0x0000000080000000,0x00000000ac01eac8,0x00000000bc500000)
 Metaspace       used 86924K, committed 88704K, reserved 1179648K
  class space    used 8763K, committed 9536K, reserved 1048576K
}
Event: 579.969 GC heap before
{Heap before GC invocations=2364 (full 4):
 PSYoungGen      total 6656K, used 6044K [0x00000000d5580000, 0x00000000d5d80000, 0x0000000100000000)
  eden space 5632K, 100% used [0x00000000d5580000,0x00000000d5b00000,0x00000000d5b00000)
  from space 1024K, 40% used [0x00000000d5b80000,0x00000000d5be7200,0x00000000d5c80000)
  to   space 512K, 0% used [0x00000000d5d00000,0x00000000d5d00000,0x00000000d5d80000)
 ParOldGen       total 988160K, used 721018K [0x0000000080000000, 0x00000000bc500000, 0x00000000d5580000)
  object space 988160K, 72% used [0x0000000080000000,0x00000000ac01eac8,0x00000000bc500000)
 Metaspace       used 87715K, committed 89536K, reserved 1179648K
  class space    used 8839K, committed 9600K, reserved 1048576K
}
Event: 579.972 GC heap after
{Heap after GC invocations=2364 (full 4):
 PSYoungGen      total 6144K, used 401K [0x00000000d5580000, 0x00000000d5d80000, 0x0000000100000000)
  eden space 5632K, 0% used [0x00000000d5580000,0x00000000d5580000,0x00000000d5b00000)
  from space 512K, 78% used [0x00000000d5d00000,0x00000000d5d645c8,0x00000000d5d80000)
  to   space 512K, 0% used [0x00000000d5c80000,0x00000000d5c80000,0x00000000d5d00000)
 ParOldGen       total 988160K, used 721178K [0x0000000080000000, 0x00000000bc500000, 0x00000000d5580000)
  object space 988160K, 72% used [0x0000000080000000,0x00000000ac046ac8,0x00000000bc500000)
 Metaspace       used 87715K, committed 89536K, reserved 1179648K
  class space    used 8839K, committed 9600K, reserved 1048576K
}
Event: 580.108 GC heap before
{Heap before GC invocations=2365 (full 4):
 PSYoungGen      total 6144K, used 6033K [0x00000000d5580000, 0x00000000d5d80000, 0x0000000100000000)
  eden space 5632K, 100% used [0x00000000d5580000,0x00000000d5b00000,0x00000000d5b00000)
  from space 512K, 78% used [0x00000000d5d00000,0x00000000d5d645c8,0x00000000d5d80000)
  to   space 512K, 0% used [0x00000000d5c80000,0x00000000d5c80000,0x00000000d5d00000)
 ParOldGen       total 988160K, used 721178K [0x0000000080000000, 0x00000000bc500000, 0x00000000d5580000)
  object space 988160K, 72% used [0x0000000080000000,0x00000000ac046ac8,0x00000000bc500000)
 Metaspace       used 88316K, committed 90112K, reserved 1179648K
  class space    used 8940K, committed 9728K, reserved 1048576K
}
Event: 580.113 GC heap after
{Heap after GC invocations=2365 (full 4):
 PSYoungGen      total 6144K, used 368K [0x00000000d5580000, 0x00000000d5d80000, 0x0000000100000000)
  eden space 5632K, 0% used [0x00000000d5580000,0x00000000d5580000,0x00000000d5b00000)
  from space 512K, 71% used [0x00000000d5c80000,0x00000000d5cdc010,0x00000000d5d00000)
  to   space 512K, 0% used [0x00000000d5d00000,0x00000000d5d00000,0x00000000d5d80000)
 ParOldGen       total 988160K, used 721404K [0x0000000080000000, 0x00000000bc500000, 0x00000000d5580000)
  object space 988160K, 73% used [0x0000000080000000,0x00000000ac07f090,0x00000000bc500000)
 Metaspace       used 88316K, committed 90112K, reserved 1179648K
  class space    used 8940K, committed 9728K, reserved 1048576K
}
Event: 580.243 GC heap before
{Heap before GC invocations=2366 (full 4):
 PSYoungGen      total 6144K, used 6000K [0x00000000d5580000, 0x00000000d5d80000, 0x0000000100000000)
  eden space 5632K, 100% used [0x00000000d5580000,0x00000000d5b00000,0x00000000d5b00000)
  from space 512K, 71% used [0x00000000d5c80000,0x00000000d5cdc010,0x00000000d5d00000)
  to   space 512K, 0% used [0x00000000d5d00000,0x00000000d5d00000,0x00000000d5d80000)
 ParOldGen       total 988160K, used 721404K [0x0000000080000000, 0x00000000bc500000, 0x00000000d5580000)
  object space 988160K, 73% used [0x0000000080000000,0x00000000ac07f090,0x00000000bc500000)
 Metaspace       used 88829K, committed 90624K, reserved 1179648K
  class space    used 9051K, committed 9856K, reserved 1048576K
}
Event: 580.248 GC heap after
{Heap after GC invocations=2366 (full 4):
 PSYoungGen      total 6144K, used 384K [0x00000000d5580000, 0x00000000d5d80000, 0x0000000100000000)
  eden space 5632K, 0% used [0x00000000d5580000,0x00000000d5580000,0x00000000d5b00000)
  from space 512K, 75% used [0x00000000d5d00000,0x00000000d5d60000,0x00000000d5d80000)
  to   space 512K, 0% used [0x00000000d5c80000,0x00000000d5c80000,0x00000000d5d00000)
 ParOldGen       total 988160K, used 721556K [0x0000000080000000, 0x00000000bc500000, 0x00000000d5580000)
  object space 988160K, 73% used [0x0000000080000000,0x00000000ac0a50c0,0x00000000bc500000)
 Metaspace       used 88829K, committed 90624K, reserved 1179648K
  class space    used 9051K, committed 9856K, reserved 1048576K
}
Event: 581.976 GC heap before
{Heap before GC invocations=2367 (full 4):
 PSYoungGen      total 6144K, used 6016K [0x00000000d5580000, 0x00000000d5d80000, 0x0000000100000000)
  eden space 5632K, 100% used [0x00000000d5580000,0x00000000d5b00000,0x00000000d5b00000)
  from space 512K, 75% used [0x00000000d5d00000,0x00000000d5d60000,0x00000000d5d80000)
  to   space 512K, 0% used [0x00000000d5c80000,0x00000000d5c80000,0x00000000d5d00000)
 ParOldGen       total 988160K, used 721556K [0x0000000080000000, 0x00000000bc500000, 0x00000000d5580000)
  object space 988160K, 73% used [0x0000000080000000,0x00000000ac0a50c0,0x00000000bc500000)
 Metaspace       used 89575K, committed 91456K, reserved 1179648K
  class space    used 9140K, committed 9984K, reserved 1048576K
}
Event: 581.979 GC heap after
{Heap after GC invocations=2367 (full 4):
 PSYoungGen      total 6144K, used 384K [0x00000000d5580000, 0x00000000d5d80000, 0x0000000100000000)
  eden space 5632K, 0% used [0x00000000d5580000,0x00000000d5580000,0x00000000d5b00000)
  from space 512K, 75% used [0x00000000d5c80000,0x00000000d5ce0000,0x00000000d5d00000)
  to   space 512K, 0% used [0x00000000d5d00000,0x00000000d5d00000,0x00000000d5d80000)
 ParOldGen       total 988160K, used 721660K [0x0000000080000000, 0x00000000bc500000, 0x00000000d5580000)
  object space 988160K, 73% used [0x0000000080000000,0x00000000ac0bf0c0,0x00000000bc500000)
 Metaspace       used 89575K, committed 91456K, reserved 1179648K
  class space    used 9140K, committed 9984K, reserved 1048576K
}
Event: 19091.055 GC heap before
{Heap before GC invocations=2368 (full 4):
 PSYoungGen      total 6144K, used 6016K [0x00000000d5580000, 0x00000000d5d80000, 0x0000000100000000)
  eden space 5632K, 100% used [0x00000000d5580000,0x00000000d5b00000,0x00000000d5b00000)
  from space 512K, 75% used [0x00000000d5c80000,0x00000000d5ce0000,0x00000000d5d00000)
  to   space 512K, 0% used [0x00000000d5d00000,0x00000000d5d00000,0x00000000d5d80000)
 ParOldGen       total 988160K, used 721660K [0x0000000080000000, 0x00000000bc500000, 0x00000000d5580000)
  object space 988160K, 73% used [0x0000000080000000,0x00000000ac0bf0c0,0x00000000bc500000)
 Metaspace       used 89660K, committed 91456K, reserved 1179648K
  class space    used 9151K, committed 9984K, reserved 1048576K
}
Event: 19091.063 GC heap after
{Heap after GC invocations=2368 (full 4):
 PSYoungGen      total 6144K, used 416K [0x00000000d5580000, 0x00000000d5d80000, 0x0000000100000000)
  eden space 5632K, 0% used [0x00000000d5580000,0x00000000d5580000,0x00000000d5b00000)
  from space 512K, 81% used [0x00000000d5d00000,0x00000000d5d68000,0x00000000d5d80000)
  to   space 512K, 0% used [0x00000000d5c80000,0x00000000d5c80000,0x00000000d5d00000)
 ParOldGen       total 988160K, used 721876K [0x0000000080000000, 0x00000000bc500000, 0x00000000d5580000)
  object space 988160K, 73% used [0x0000000080000000,0x00000000ac0f50d0,0x00000000bc500000)
 Metaspace       used 89660K, committed 91456K, reserved 1179648K
  class space    used 9151K, committed 9984K, reserved 1048576K
}
Event: 19091.110 GC heap before
{Heap before GC invocations=2369 (full 4):
 PSYoungGen      total 6144K, used 6048K [0x00000000d5580000, 0x00000000d5d80000, 0x0000000100000000)
  eden space 5632K, 100% used [0x00000000d5580000,0x00000000d5b00000,0x00000000d5b00000)
  from space 512K, 81% used [0x00000000d5d00000,0x00000000d5d68000,0x00000000d5d80000)
  to   space 512K, 0% used [0x00000000d5c80000,0x00000000d5c80000,0x00000000d5d00000)
 ParOldGen       total 988160K, used 721876K [0x0000000080000000, 0x00000000bc500000, 0x00000000d5580000)
  object space 988160K, 73% used [0x0000000080000000,0x00000000ac0f50d0,0x00000000bc500000)
 Metaspace       used 89660K, committed 91456K, reserved 1179648K
  class space    used 9151K, committed 9984K, reserved 1048576K
}
Event: 19091.114 GC heap after
{Heap after GC invocations=2369 (full 4):
 PSYoungGen      total 6144K, used 96K [0x00000000d5580000, 0x00000000d5d80000, 0x0000000100000000)
  eden space 5632K, 0% used [0x00000000d5580000,0x00000000d5580000,0x00000000d5b00000)
  from space 512K, 18% used [0x00000000d5c80000,0x00000000d5c98000,0x00000000d5d00000)
  to   space 512K, 0% used [0x00000000d5d00000,0x00000000d5d00000,0x00000000d5d80000)
 ParOldGen       total 988160K, used 721964K [0x0000000080000000, 0x00000000bc500000, 0x00000000d5580000)
  object space 988160K, 73% used [0x0000000080000000,0x00000000ac10b0d0,0x00000000bc500000)
 Metaspace       used 89660K, committed 91456K, reserved 1179648K
  class space    used 9151K, committed 9984K, reserved 1048576K
}

